<?xml version="1.0" encoding="UTF-8"?>
<!-- Generated by org.testng.reporters.JUnitReportReporter -->
<testsuite skipped="0" hostname="oci3-To-be-filled-by-O-E-M" name="com.greekxp.UniversityLogin" tests="2" failures="0" timestamp="01 Dec 2017 10:33:34 GMT" time="91.709" errors="0">
  <testcase name="UniversityLogin" time="53.251" classname="com.greekxp.UniversityLogin"/>
  <testcase name="UniversityLogin" time="38.458" classname="com.greekxp.UniversityLogin"/>
</testsuite> <!-- com.greekxp.UniversityLogin -->
